[[1;34mINFO[m] Scanning for projects...
[[1;34mINFO[m] [1m------------------------------------------------------------------------[m
[[1;34mINFO[m] [1mReactor Build Order:[m
[[1;34mINFO[m] 
[[1;34mINFO[m] enrollment-parent                                                  [pom]
[[1;34mINFO[m] enrollment-common                                                  [jar]
[[1;34mINFO[m] enrollment-api                                                     [jar]
[[1;34mINFO[m] enrollment-worker                                                  [jar]
[[1;34mINFO[m] 
[[1;34mINFO[m] [1m-------------------< [0;36mcom.skillbox:enrollment-parent[0;1m >-------------------[m
[[1;34mINFO[m] [1mBuilding enrollment-parent 0.0.1-SNAPSHOT                          [1/4][m
[[1;34mINFO[m] [1m--------------------------------[ pom ]---------------------------------[m
[[1;34mINFO[m] 
[[1;34mINFO[m] [1m--- [0;32mmaven-clean-plugin:3.5.0:clean[m [1m(default-clean)[m @ [36menrollment-parent[0;1m ---[m
[[1;34mINFO[m] 
[[1;34mINFO[m] [1m-------------------< [0;36mcom.skillbox:enrollment-common[0;1m >-------------------[m
[[1;34mINFO[m] [1mBuilding enrollment-common 0.0.1-SNAPSHOT                          [2/4][m
[[1;34mINFO[m] [1m--------------------------------[ jar ]---------------------------------[m
[[1;34mINFO[m] 
[[1;34mINFO[m] [1m--- [0;32mmaven-clean-plugin:3.5.0:clean[m [1m(default-clean)[m @ [36menrollment-common[0;1m ---[m
[[1;34mINFO[m] Deleting /home/aeshabb/ITMO/blps/lab2/enrollment-common/target
[[1;34mINFO[m] 
[[1;34mINFO[m] [1m--- [0;32mmaven-resources-plugin:3.3.1:resources[m [1m(default-resources)[m @ [36menrollment-common[0;1m ---[m
[[1;34mINFO[m] skip non existing resourceDirectory /home/aeshabb/ITMO/blps/lab2/enrollment-common/src/main/resources
[[1;34mINFO[m] skip non existing resourceDirectory /home/aeshabb/ITMO/blps/lab2/enrollment-common/src/main/resources
[[1;34mINFO[m] 
[[1;34mINFO[m] [1m--- [0;32mmaven-compiler-plugin:3.14.1:compile[m [1m(default-compile)[m @ [36menrollment-common[0;1m ---[m
[[1;34mINFO[m] Recompiling the module because of [1mchanged source code[m.
[[1;34mINFO[m] Compiling 11 source files with javac [debug parameters release 17] to target/classes
[[1;34mINFO[m] 
[[1;34mINFO[m] [1m--- [0;32mmaven-resources-plugin:3.3.1:testResources[m [1m(default-testResources)[m @ [36menrollment-common[0;1m ---[m
[[1;34mINFO[m] skip non existing resourceDirectory /home/aeshabb/ITMO/blps/lab2/enrollment-common/src/test/resources
[[1;34mINFO[m] 
[[1;34mINFO[m] [1m--- [0;32mmaven-compiler-plugin:3.14.1:testCompile[m [1m(default-testCompile)[m @ [36menrollment-common[0;1m ---[m
[[1;34mINFO[m] No sources to compile
[[1;34mINFO[m] 
[[1;34mINFO[m] [1m--- [0;32mmaven-surefire-plugin:3.5.4:test[m [1m(default-test)[m @ [36menrollment-common[0;1m ---[m
[[1;34mINFO[m] Tests are skipped.
[[1;34mINFO[m] 
[[1;34mINFO[m] [1m--- [0;32mmaven-jar-plugin:3.4.2:jar[m [1m(default-jar)[m @ [36menrollment-common[0;1m ---[m
[[1;34mINFO[m] Building jar: /home/aeshabb/ITMO/blps/lab2/enrollment-common/target/enrollment-common-0.0.1-SNAPSHOT.jar
[[1;34mINFO[m] 
[[1;34mINFO[m] [1m--------------------< [0;36mcom.skillbox:enrollment-api[0;1m >---------------------[m
[[1;34mINFO[m] [1mBuilding enrollment-api 0.0.1-SNAPSHOT                             [3/4][m
[[1;34mINFO[m] [1m--------------------------------[ jar ]---------------------------------[m
[[1;34mINFO[m] 
[[1;34mINFO[m] [1m--- [0;32mmaven-clean-plugin:3.5.0:clean[m [1m(default-clean)[m @ [36menrollment-api[0;1m ---[m
[[1;34mINFO[m] Deleting /home/aeshabb/ITMO/blps/lab2/enrollment-api/target
[[1;34mINFO[m] 
[[1;34mINFO[m] [1m--- [0;32mmaven-resources-plugin:3.3.1:resources[m [1m(default-resources)[m @ [36menrollment-api[0;1m ---[m
[[1;34mINFO[m] Copying 1 resource from src/main/resources to target/classes
[[1;34mINFO[m] Copying 6 resources from src/main/resources to target/classes
[[1;34mINFO[m] 
[[1;34mINFO[m] [1m--- [0;32mmaven-compiler-plugin:3.14.1:compile[m [1m(default-compile)[m @ [36menrollment-api[0;1m ---[m
[[1;34mINFO[m] Recompiling the module because of [1mchanged dependency[m.
[[1;34mINFO[m] Compiling 24 source files with javac [debug parameters release 17] to target/classes
[[1;33mWARNING[m] /home/aeshabb/ITMO/blps/lab2/enrollment-api/src/main/java/com/skillbox/enrollment/config/JmsConfig.java:[42,9] org.springframework.jms.support.converter.MappingJackson2MessageConverter in org.springframework.jms.support.converter has been deprecated and marked for removal
[[1;33mWARNING[m] /home/aeshabb/ITMO/blps/lab2/enrollment-api/src/main/java/com/skillbox/enrollment/config/JmsConfig.java:[42,57] org.springframework.jms.support.converter.MappingJackson2MessageConverter in org.springframework.jms.support.converter has been deprecated and marked for removal
[[1;33mWARNING[m] /home/aeshabb/ITMO/blps/lab2/enrollment-api/src/main/java/com/skillbox/enrollment/config/RedisConfig.java:[19,101] org.springframework.data.redis.serializer.GenericJackson2JsonRedisSerializer in org.springframework.data.redis.serializer has been deprecated and marked for removal
[[1;34mINFO[m] 
[[1;34mINFO[m] [1m--- [0;32mmaven-resources-plugin:3.3.1:testResources[m [1m(default-testResources)[m @ [36menrollment-api[0;1m ---[m
[[1;34mINFO[m] skip non existing resourceDirectory /home/aeshabb/ITMO/blps/lab2/enrollment-api/src/test/resources
[[1;34mINFO[m] 
[[1;34mINFO[m] [1m--- [0;32mmaven-compiler-plugin:3.14.1:testCompile[m [1m(default-testCompile)[m @ [36menrollment-api[0;1m ---[m
[[1;34mINFO[m] No sources to compile
[[1;34mINFO[m] 
[[1;34mINFO[m] [1m--- [0;32mmaven-surefire-plugin:3.5.4:test[m [1m(default-test)[m @ [36menrollment-api[0;1m ---[m
[[1;34mINFO[m] Tests are skipped.
[[1;34mINFO[m] 
[[1;34mINFO[m] [1m--- [0;32mmaven-jar-plugin:3.4.2:jar[m [1m(default-jar)[m @ [36menrollment-api[0;1m ---[m
[[1;34mINFO[m] Building jar: /home/aeshabb/ITMO/blps/lab2/enrollment-api/target/enrollment-api-0.0.1-SNAPSHOT.jar
[[1;34mINFO[m] 
[[1;34mINFO[m] [1m--- [0;32mspring-boot-maven-plugin:4.0.3:repackage[m [1m(repackage)[m @ [36menrollment-api[0;1m ---[m
[[1;34mINFO[m] Replacing main artifact /home/aeshabb/ITMO/blps/lab2/enrollment-api/target/enrollment-api-0.0.1-SNAPSHOT.jar with repackaged archive, adding nested dependencies in BOOT-INF/.
[[1;34mINFO[m] The original artifact has been renamed to /home/aeshabb/ITMO/blps/lab2/enrollment-api/target/enrollment-api-0.0.1-SNAPSHOT.jar.original
[[1;34mINFO[m] 
[[1;34mINFO[m] [1m-------------------< [0;36mcom.skillbox:enrollment-worker[0;1m >-------------------[m
[[1;34mINFO[m] [1mBuilding enrollment-worker 0.0.1-SNAPSHOT                          [4/4][m
[[1;34mINFO[m] [1m--------------------------------[ jar ]---------------------------------[m
[[1;34mINFO[m] 
[[1;34mINFO[m] [1m--- [0;32mmaven-clean-plugin:3.5.0:clean[m [1m(default-clean)[m @ [36menrollment-worker[0;1m ---[m
[[1;34mINFO[m] Deleting /home/aeshabb/ITMO/blps/lab2/enrollment-worker/target
[[1;34mINFO[m] 
[[1;34mINFO[m] [1m--- [0;32mmaven-resources-plugin:3.3.1:resources[m [1m(default-resources)[m @ [36menrollment-worker[0;1m ---[m
[[1;34mINFO[m] Copying 1 resource from src/main/resources to target/classes
[[1;34mINFO[m] Copying 0 resource from src/main/resources to target/classes
[[1;34mINFO[m] 
[[1;34mINFO[m] [1m--- [0;32mmaven-compiler-plugin:3.14.1:compile[m [1m(default-compile)[m @ [36menrollment-worker[0;1m ---[m
[[1;34mINFO[m] Recompiling the module because of [1mchanged dependency[m.
[[1;34mINFO[m] Compiling 16 source files with javac [debug parameters release 17] to target/classes
[[1;33mWARNING[m] /home/aeshabb/ITMO/blps/lab2/enrollment-worker/src/main/java/com/skillbox/enrollment/worker/config/JmsConfig.java:[52,9] org.springframework.jms.support.converter.MappingJackson2MessageConverter in org.springframework.jms.support.converter has been deprecated and marked for removal
[[1;33mWARNING[m] /home/aeshabb/ITMO/blps/lab2/enrollment-worker/src/main/java/com/skillbox/enrollment/worker/config/JmsConfig.java:[52,57] org.springframework.jms.support.converter.MappingJackson2MessageConverter in org.springframework.jms.support.converter has been deprecated and marked for removal
[[1;34mINFO[m] 
[[1;34mINFO[m] [1m--- [0;32mmaven-resources-plugin:3.3.1:testResources[m [1m(default-testResources)[m @ [36menrollment-worker[0;1m ---[m
[[1;34mINFO[m] skip non existing resourceDirectory /home/aeshabb/ITMO/blps/lab2/enrollment-worker/src/test/resources
[[1;34mINFO[m] 
[[1;34mINFO[m] [1m--- [0;32mmaven-compiler-plugin:3.14.1:testCompile[m [1m(default-testCompile)[m @ [36menrollment-worker[0;1m ---[m
[[1;34mINFO[m] No sources to compile
[[1;34mINFO[m] 
[[1;34mINFO[m] [1m--- [0;32mmaven-surefire-plugin:3.5.4:test[m [1m(default-test)[m @ [36menrollment-worker[0;1m ---[m
[[1;34mINFO[m] Tests are skipped.
[[1;34mINFO[m] 
[[1;34mINFO[m] [1m--- [0;32mmaven-jar-plugin:3.4.2:jar[m [1m(default-jar)[m @ [36menrollment-worker[0;1m ---[m
[[1;34mINFO[m] Building jar: /home/aeshabb/ITMO/blps/lab2/enrollment-worker/target/enrollment-worker-0.0.1-SNAPSHOT.jar
[[1;34mINFO[m] 
[[1;34mINFO[m] [1m--- [0;32mspring-boot-maven-plugin:4.0.3:repackage[m [1m(repackage)[m @ [36menrollment-worker[0;1m ---[m
[[1;34mINFO[m] Replacing main artifact /home/aeshabb/ITMO/blps/lab2/enrollment-worker/target/enrollment-worker-0.0.1-SNAPSHOT.jar with repackaged archive, adding nested dependencies in BOOT-INF/.
[[1;34mINFO[m] The original artifact has been renamed to /home/aeshabb/ITMO/blps/lab2/enrollment-worker/target/enrollment-worker-0.0.1-SNAPSHOT.jar.original
[[1;34mINFO[m] [1m------------------------------------------------------------------------[m
[[1;34mINFO[m] [1mReactor Summary for enrollment-parent 0.0.1-SNAPSHOT:[m
[[1;34mINFO[m] 
[[1;34mINFO[m] enrollment-parent .................................. [1;32mSUCCESS[m [  0.182 s]
[[1;34mINFO[m] enrollment-common .................................. [1;32mSUCCESS[m [  3.502 s]
[[1;34mINFO[m] enrollment-api ..................................... [1;32mSUCCESS[m [  1.373 s]
[[1;34mINFO[m] enrollment-worker .................................. [1;32mSUCCESS[m [  0.711 s]
[[1;34mINFO[m] [1m------------------------------------------------------------------------[m
[[1;34mINFO[m] [1;32mBUILD SUCCESS[m
[[1;34mINFO[m] [1m------------------------------------------------------------------------[m
[[1;34mINFO[m] Total time:  6.320 s
[[1;34mINFO[m] Finished at: 2026-04-29T19:09:00+03:00
[[1;34mINFO[m] [1m------------------------------------------------------------------------[m
